<?xml version="1.0" encoding="UTF-8"?>
<!-- Generated by org.testng.reporters.JUnitReportReporter -->
<testsuite hostname="DESKTOP-037SFGL" failures="0" tests="1" name="com.heroku.tests.HerokuTests" time="17.994" errors="0" timestamp="2024-07-18T17:07:00 CDT" skipped="0">
  <testcase classname="com.heroku.tests.HerokuTests" name="herokuTests" time="17.994"/>
</testsuite> <!-- com.heroku.tests.HerokuTests -->
