<?xml version="1.0" encoding="UTF-8"?>
<!-- Generated by org.testng.reporters.JUnitReportReporter -->
<testsuite hostname="DESKTOP-037SFGL" failures="0" tests="1" name="com.learning.automation.tests.CheckBoxTests" time="41.997" errors="0" timestamp="2024-07-15T15:14:14 CDT" skipped="0">
  <testcase classname="com.learning.automation.tests.CheckBoxTests" name="selectCheckBoxTest" time="41.997"/>
</testsuite> <!-- com.learning.automation.tests.CheckBoxTests -->
