<?xml version="1.0" encoding="UTF-8"?>
<!-- Generated by org.testng.reporters.JUnitReportReporter -->
<testsuite hostname="DESKTOP-DBK24BA" failures="0" tests="2" name="com.learning.automation.tests.SeleniumMethods" time="39.054" errors="0" timestamp="2024-06-15T10:04:48 EDT" skipped="0">
  <testcase classname="com.learning.automation.tests.SeleniumMethods" name="searchAllTheLinks" time="15.984"/>
  <testcase classname="com.learning.automation.tests.SeleniumMethods" name="practiceSeleniumMethodsTest" time="23.070"/>
</testsuite> <!-- com.learning.automation.tests.SeleniumMethods -->
