<?xml version="1.0" encoding="UTF-8"?>
<!-- Generated by org.testng.reporters.JUnitReportReporter -->
<testsuite hostname="DESKTOP-DBK24BA" failures="0" tests="1" name="com.learning.automation.tests.GreateCourseTests" time="55.789" errors="0" timestamp="2024-06-22T14:17:26 EDT" skipped="0">
  <testcase classname="com.learning.automation.tests.GreateCourseTests" name="buyACourseTest" time="55.789"/>
</testsuite> <!-- com.learning.automation.tests.GreateCourseTests -->
