<?xml version="1.0" encoding="UTF-8"?>
<!-- Generated by org.testng.reporters.JUnitReportReporter -->
<testsuite hostname="DESKTOP-DBK24BA" failures="0" tests="2" name="com.webelements.practice.tests.WebElementTests" time="23.205" errors="0" timestamp="2024-07-11T21:44:24 EDT" skipped="1">
  <testcase classname="com.webelements.practice.tests.WebElementTests" name="ChallengingDOM_Testing" time="23.205"/>
  <testcase classname="com.webelements.practice.tests.WebElementTests" name="addRemoveElementsTesting">
    <skipped/>
  </testcase> <!-- addRemoveElementsTesting -->
</testsuite> <!-- com.webelements.practice.tests.WebElementTests -->
