<?xml version="1.0" encoding="UTF-8"?>
<!-- Generated by org.testng.reporters.JUnitReportReporter -->
<testsuite hostname="DESKTOP-DBK24BA" failures="0" tests="1" name="com.learning.automation.tests.MultipleTabsTests" time="24.427" errors="0" timestamp="2024-07-06T13:39:02 EDT" skipped="0">
  <testcase classname="com.learning.automation.tests.MultipleTabsTests" name="twoWindowTesting" time="24.427"/>
</testsuite> <!-- com.learning.automation.tests.MultipleTabsTests -->
