<?xml version="1.0" encoding="UTF-8"?>
<!-- Generated by org.testng.reporters.JUnitReportReporter -->
<testsuite hostname="DESKTOP-DBK24BA" failures="0" tests="1" name="com.learning.automation.tests.UpdatedMortgageCalculatorTests" time="17.836" errors="0" timestamp="2024-06-15T12:14:14 EDT" skipped="0">
  <testcase classname="com.learning.automation.tests.UpdatedMortgageCalculatorTests" name="buyATownHouseTest" time="17.836"/>
</testsuite> <!-- com.learning.automation.tests.UpdatedMortgageCalculatorTests -->
