<?xml version="1.0" encoding="UTF-8"?>
<!-- Generated by org.testng.reporters.JUnitReportReporter -->
<testsuite hostname="DESKTOP-DBK24BA" failures="0" tests="5" name="com.learning.automation.tests.MouseHoverOverTests" time="25.898" errors="0" timestamp="2024-07-13T13:38:55 EDT" skipped="4">
  <testcase classname="com.learning.automation.tests.MouseHoverOverTests" name="testingMainMenu" time="25.898"/>
  <testcase classname="com.learning.automation.tests.MouseHoverOverTests" name="rightClickTest">
    <skipped/>
  </testcase> <!-- rightClickTest -->
  <testcase classname="com.learning.automation.tests.MouseHoverOverTests" name="doubleClickTest">
    <skipped/>
  </testcase> <!-- doubleClickTest -->
  <testcase classname="com.learning.automation.tests.MouseHoverOverTests" name="dragAndDropTest">
    <skipped/>
  </testcase> <!-- dragAndDropTest -->
  <testcase classname="com.learning.automation.tests.MouseHoverOverTests" name="clickAndHoldRleaseTest">
    <skipped/>
  </testcase> <!-- clickAndHoldRleaseTest -->
</testsuite> <!-- com.learning.automation.tests.MouseHoverOverTests -->
