<?xml version="1.0" encoding="UTF-8"?>
<!-- Generated by org.testng.reporters.JUnitReportReporter -->
<testsuite hostname="DESKTOP-DBK24BA" failures="0" tests="2" name="com.learning.automation.tests.FileUploadTest" time="12.426" errors="0" timestamp="2024-06-15T13:34:43 EDT" skipped="1">
  <testcase classname="com.learning.automation.tests.FileUploadTest" name="fileUploadTest2" time="12.426"/>
  <testcase classname="com.learning.automation.tests.FileUploadTest" name="fileUploadTest1">
    <skipped/>
  </testcase> <!-- fileUploadTest1 -->
</testsuite> <!-- com.learning.automation.tests.FileUploadTest -->
